-------------------------------------------------------------------------------
Test set: uz.tasks.todo.controller.TodoControllerTest
-------------------------------------------------------------------------------
Tests run: 7, Failures: 1, Errors: 0, Skipped: 0, Time elapsed: 4.670 s <<< FAILURE! -- in uz.tasks.todo.controller.TodoControllerTest
uz.tasks.todo.controller.TodoControllerTest.shouldNotCreateTodoWithEmptyTitle -- Time elapsed: 0.047 s <<< FAILURE!
java.lang.AssertionError: No value at JSON path "$.title"
	at org.springframework.test.util.JsonPathExpectationsHelper.evaluateJsonPath(JsonPathExpectationsHelper.java:302)
	at org.springframework.test.util.JsonPathExpectationsHelper.assertValueIsEmpty(JsonPathExpectationsHelper.java:226)
	at org.springframework.test.web.servlet.result.JsonPathResultMatchers.lambda$isEmpty$5(JsonPathResultMatchers.java:148)
	at org.springframework.test.web.servlet.MockMvc$1.andExpect(MockMvc.java:214)
	at uz.tasks.todo.controller.TodoControllerTest.shouldNotCreateTodoWithEmptyTitle(TodoControllerTest.java:122)
	at java.base/java.lang.reflect.Method.invoke(Method.java:568)
	at java.base/java.util.ArrayList.forEach(ArrayList.java:1511)
	at java.base/java.util.ArrayList.forEach(ArrayList.java:1511)
Caused by: java.lang.IllegalArgumentException: json can not be null or empty
	at com.jayway.jsonpath.internal.Utils.notEmpty(Utils.java:401)
	at com.jayway.jsonpath.JsonPath.read(JsonPath.java:390)
	at com.jayway.jsonpath.JsonPath.read(JsonPath.java:377)
	at org.springframework.test.util.JsonPathExpectationsHelper.evaluateJsonPath(JsonPathExpectationsHelper.java:299)
	... 7 more

